c:\users\shania\desktop\new folder (4)\nyp_framework_solution\base\debug\vc140.pdb
c:\users\shania\desktop\new folder (4)\nyp_framework_solution\base\debug\vc140.idb
c:\users\shania\desktop\new folder (4)\nyp_framework_solution\base\debug\playerinfo.obj
c:\users\shania\desktop\new folder (4)\nyp_framework_solution\base\debug\grenade.obj
c:\users\shania\desktop\new folder (4)\nyp_framework_solution\base\debug\laser.obj
c:\users\shania\desktop\new folder (4)\nyp_framework_solution\base\debug\projectile.obj
c:\users\shania\desktop\new folder (4)\nyp_framework_solution\base\debug\scenegraph.obj
c:\users\shania\desktop\new folder (4)\nyp_framework_solution\base\debug\scenenode.obj
c:\users\shania\desktop\new folder (4)\nyp_framework_solution\base\debug\transform.obj
c:\users\shania\desktop\new folder (4)\nyp_framework_solution\base\debug\updatetransformation.obj
c:\users\shania\desktop\new folder (4)\nyp_framework_solution\base\debug\scenetext.obj
c:\users\shania\desktop\new folder (4)\nyp_framework_solution\base\debug\skyboxentity.obj
c:\users\shania\desktop\new folder (4)\nyp_framework_solution\base\debug\grid.obj
c:\users\shania\desktop\new folder (4)\nyp_framework_solution\base\debug\spatialpartition.obj
c:\users\shania\desktop\new folder (4)\nyp_framework_solution\base\debug\spriteentity.obj
c:\users\shania\desktop\new folder (4)\nyp_framework_solution\base\debug\textentity.obj
c:\users\shania\desktop\new folder (4)\nyp_framework_solution\base\debug\waypoint.obj
c:\users\shania\desktop\new folder (4)\nyp_framework_solution\base\debug\waypointmanager.obj
c:\users\shania\desktop\new folder (4)\nyp_framework_solution\base\debug\grenadethrow.obj
c:\users\shania\desktop\new folder (4)\nyp_framework_solution\base\debug\laserblaster.obj
c:\users\shania\desktop\new folder (4)\nyp_framework_solution\base\debug\pistol.obj
c:\users\shania\desktop\new folder (4)\nyp_framework_solution\base\debug\weaponinfo.obj
c:\users\shania\desktop\new folder (4)\nyp_framework_solution\base\debug\application.obj
c:\users\shania\desktop\new folder (4)\nyp_framework_solution\base\debug\enemy.obj
c:\users\shania\desktop\new folder (4)\nyp_framework_solution\base\debug\entitymanager.obj
c:\users\shania\desktop\new folder (4)\nyp_framework_solution\base\debug\fpscamera.obj
c:\users\shania\desktop\new folder (4)\nyp_framework_solution\base\debug\introstate.obj
c:\users\shania\desktop\new folder (4)\nyp_framework_solution\base\debug\menustate.obj
c:\users\shania\desktop\new folder (4)\nyp_framework_solution\base\debug\genericentity.obj
c:\users\shania\desktop\new folder (4)\nyp_framework_solution\base\debug\groundentity.obj
c:\users\shania\desktop\new folder (4)\nyp_framework_solution\base\debug\levelofdetails.obj
c:\users\shania\desktop\new folder (4)\nyp_framework_solution\base\debug\light.obj
c:\users\shania\desktop\new folder (4)\nyp_framework_solution\base\debug\luainterface.obj
c:\users\shania\desktop\new folder (4)\nyp_framework_solution\base\debug\main.obj
c:\users\shania\desktop\new folder (4)\nyp_framework_solution\base\debug\objmesh.obj
c:\users\shania\desktop\new folder (4)\nyp_framework_solution\base\debug\bluerobo.obj
c:\users\shania\desktop\new folder (4)\nyp_framework_solution\base\debug\bluerobobottom.obj
c:\users\shania\desktop\new folder (4)\nyp_framework_solution\base\debug\bluerobohead.obj
c:\users\shania\desktop\new folder (4)\nyp_framework_solution\base\debug\bluerobopart.obj
c:\users\shania\desktop\new folder (4)\nyp_framework_solution\base\debug\bluerobosingle.obj
c:\users\shania\desktop\new folder (4)\nyp_framework_solution\base\debug\redrobo.obj
c:\users\shania\desktop\new folder (4)\nyp_framework_solution\base\debug\redrobobottom.obj
c:\users\shania\desktop\new folder (4)\nyp_framework_solution\base\debug\redrobohead.obj
c:\users\shania\desktop\new folder (4)\nyp_framework_solution\base\debug\redrobosingle.obj
c:\users\shania\desktop\new folder (4)\nyp_framework_solution\base\debug\enemysingleton.obj
c:\users\shania\desktop\new folder (4)\nyp_framework_solution\base\debug\enemystates.obj
c:\users\shania\desktop\new folder (4)\nyp_framework_solution\base\debug\enemychase.obj
c:\users\shania\desktop\new folder (4)\nyp_framework_solution\base\debug\enemystatesbase.obj
c:\users\shania\desktop\new folder (4)\nyp_framework_solution\debug\base.pdb
c:\users\shania\desktop\new folder (4)\nyp_framework_solution\base\debug\base.tlog\cl.command.1.tlog
c:\users\shania\desktop\new folder (4)\nyp_framework_solution\base\debug\base.tlog\cl.read.1.tlog
c:\users\shania\desktop\new folder (4)\nyp_framework_solution\base\debug\base.tlog\cl.write.1.tlog
c:\users\shania\desktop\new folder (4)\nyp_framework_solution\base\debug\base.tlog\link-cvtres.read.1.tlog
c:\users\shania\desktop\new folder (4)\nyp_framework_solution\base\debug\base.tlog\link-cvtres.write.1.tlog
c:\users\shania\desktop\new folder (4)\nyp_framework_solution\base\debug\base.tlog\link-rc.read.1.tlog
c:\users\shania\desktop\new folder (4)\nyp_framework_solution\base\debug\base.tlog\link-rc.write.1.tlog
c:\users\shania\desktop\new folder (4)\nyp_framework_solution\base\debug\base.tlog\link.command.1.tlog
c:\users\shania\desktop\new folder (4)\nyp_framework_solution\base\debug\base.tlog\link.read.1.tlog
c:\users\shania\desktop\new folder (4)\nyp_framework_solution\base\debug\base.tlog\link.write.1.tlog
